<?xml version="1.0" encoding="UTF-8"?>
<TestRun id="d1d79e25-f36d-4c85-8dd6-acec2dc7a301" name="Mariano@MARIANO-PC 2014-10-15 09:26:49" runUser="Mariano-PC\Mariano" xmlns="http://microsoft.com/schemas/VisualStudio/TeamTest/2010">
  <TestSettings name="Default Test Settings" id="d7985148-a2be-46ec-a03f-dc9c704b3ed0">
    <Deployment runDeploymentRoot="Mariano_MARIANO-PC 2014-10-15 09_26_49">
      <DeploymentItem filename="C:\Backup\BDL\ProntoMVC\packages\Microsoft.AspNet.WebPages.2.0.20710.0\lib\net40\System.Web.WebPages.Deployment.dll" />
      <DeploymentItem filename="C:\Backup\BDL\ProntoMVC\packages\Lib.Web.Mvc.6.1.0\lib\net40\Lib.Web.Mvc.dll" />
      <DeploymentItem filename="C:\Backup\BDL\ClaseMigrar\bin\Debug\ClaseMigrar.dll" />
      <DeploymentItem filename="C:\Backup\BDL\ProntoMVC\packages\Microsoft.AspNet.WebPages.2.0.20710.0\lib\net40\System.Web.WebPages.Razor.dll" />
      <DeploymentItem filename="C:\Backup\BDL\ProntoMVC\packages\Microsoft.AspNet.WebPages.2.0.20710.0\lib\net40\System.Web.Helpers.dll" />
      <DeploymentItem filename="C:\Backup\BDL\BussinessObject\bin\Debug\BusinessObject.dll" />
      <DeploymentItem filename="C:\Backup\BDL\ProntoMVC\packages\Microsoft.AspNet.Mvc.4.0.40804.0\lib\net40\System.Web.Mvc.dll" />
      <DeploymentItem filename="C:\Backup\BDL\ProntoMVC\ProntoMVC\bin\WSAFIPFE.dll" />
      <DeploymentItem filename="C:\Backup\BDL\ProntoMVC\packages\Microsoft.AspNet.WebPages.2.0.20710.0\lib\net40\System.Web.WebPages.dll" />
      <DeploymentItem filename="C:\Backup\BDL\ProntoMVC\packages\Moq.4.2.1409.1722\lib\net40\Moq.dll" />
      <DeploymentItem filename="C:\Backup\BDL\ProntoMVC\ProntoMVC\bin\Trirand.Web.Mvc.dll" />
      <DeploymentItem filename="C:\Backup\BDL\ProntoMVC\ProntoMVC\bin\ProntoMVC.dll" />
      <DeploymentItem filename="C:\Backup\BDL\ProntoMVC\packages\Newtonsoft.Json.4.5.9\lib\net40\Newtonsoft.Json.dll" />
      <DeploymentItem filename="C:\Backup\BDL\DataAccess\bin\Debug\DataAccess.dll" />
      <DeploymentItem filename="C:\Backup\BDL\ProntoMVC\packages\EntityFramework.6.1.1\lib\net40\EntityFramework.dll" />
      <DeploymentItem filename="C:\Backup\BDL\ProntoMVC\Repositorio\bin\Debug\Repositorio.dll" />
      <DeploymentItem filename="C:\Backup\BDL\ProntoMVC\Servicio\bin\Debug\Servicio.dll" />
      <DeploymentItem filename="C:\Backup\BDL\ProntoMVC\packages\Microsoft.Web.Infrastructure.1.0.0.0\lib\net40\Microsoft.Web.Infrastructure.dll" />
      <DeploymentItem filename="C:\Backup\BDL\ProntoMVC\packages\EntityFramework.6.1.1\lib\net40\EntityFramework.SqlServer.dll" />
      <DeploymentItem filename="C:\Backup\BDL\ProntoMVC\Data\bin\x86\Debug\ProntoMVC.Data.dll" />
      <DeploymentItem filename="C:\Backup\BDL\ProntoMVC\packages\AutoMapper.3.2.1\lib\net40\AutoMapper.Net4.dll" />
      <DeploymentItem filename="C:\Backup\BDL\ProntoMVC\packages\AutoMapper.3.2.1\lib\net40\AutoMapper.dll" />
      <DeploymentItem filename="C:\Backup\BDL\ProntoMVC\packages\Microsoft.AspNet.Razor.2.0.20710.0\lib\net40\System.Web.Razor.dll" />
    </Deployment>
    <Execution>
      <TestTypeSpecific />
      <AgentRule name="Execution Agents">
      </AgentRule>
    </Execution>
  </TestSettings>
  <Times creation="2014-10-15T09:26:49.4819124-03:00" queuing="2014-10-15T09:26:51.0249512-03:00" start="2014-10-15T09:26:51.1389540-03:00" finish="2014-10-15T09:27:10.6644441-03:00" />
  <ResultSummary outcome="Warning">
    <Counters total="4" executed="4" passed="4" error="0" failed="0" timeout="0" aborted="0" inconclusive="0" passedButRunAborted="0" notRunnable="0" notExecuted="0" disconnected="0" warning="0" completed="0" inProgress="0" pending="0" />
    <RunInfos>
      <RunInfo computerName="MARIANO-PC" outcome="Warning" timestamp="2014-10-15T09:26:49.9719247-03:00">
        <Text>Warning: Test Run deployment issue: The assembly or module 'Google.GData.Spreadsheets' directly or indirectly referenced by the test container 'c:\backup\bdl\prontomvc\testproject2\bin\debug\testproject2.dll' was not found.</Text>
      </RunInfo>
      <RunInfo computerName="MARIANO-PC" outcome="Warning" timestamp="2014-10-15T09:26:49.9719247-03:00">
        <Text>Warning: Test Run deployment issue: The assembly or module 'Google.GData.Client' directly or indirectly referenced by the test container 'c:\backup\bdl\prontomvc\testproject2\bin\debug\testproject2.dll' was not found.</Text>
      </RunInfo>
      <RunInfo computerName="MARIANO-PC" outcome="Warning" timestamp="2014-10-15T09:26:49.9719247-03:00">
        <Text>Warning: Test Run deployment issue: The assembly or module 'MySql.Data' directly or indirectly referenced by the test container 'c:\backup\bdl\prontomvc\testproject2\bin\debug\testproject2.dll' was not found.</Text>
      </RunInfo>
      <RunInfo computerName="MARIANO-PC" outcome="Warning" timestamp="2014-10-15T09:26:49.9719247-03:00">
        <Text>Warning: Test Run deployment issue: The assembly or module 'Npgsql' directly or indirectly referenced by the test container 'c:\backup\bdl\prontomvc\testproject2\bin\debug\testproject2.dll' was not found.</Text>
      </RunInfo>
      <RunInfo computerName="MARIANO-PC" outcome="Warning" timestamp="2014-10-15T09:26:49.9719247-03:00">
        <Text>Warning: Test Run deployment issue: The assembly or module 'System.Data.SQLite' directly or indirectly referenced by the test container 'c:\backup\bdl\prontomvc\testproject2\bin\debug\testproject2.dll' was not found.</Text>
      </RunInfo>
    </RunInfos>
  </ResultSummary>
  <TestDefinitions>
    <UnitTest name="ProbarGrabacionDelServicioDeFondoFijo" storage="c:\backup\bdl\prontomvc\testproject2\bin\debug\testproject2.dll" id="f26feba5-8093-bdd3-a6bd-bc6b1c95143f">
      <Execution id="d4755f1c-fc57-43db-a619-6a949e022ec7" />
      <TestMethod codeBase="C:/Backup/BDL/ProntoMVC/TestProject2/bin/Debug/TestProject2.DLL" adapterTypeName="Microsoft.VisualStudio.TestTools.TestTypes.Unit.UnitTestAdapter, Microsoft.VisualStudio.QualityTools.Tips.UnitTest.Adapter, Version=10.0.0.0, Culture=neutral, PublicKeyToken=b03f5f7f11d50a3a" className="ProntoMVC.Tests.FondoFijoControllerTest, TestProject2, Version=1.2.0.0, Culture=neutral, PublicKeyToken=null" name="ProbarGrabacionDelServicioDeFondoFijo" />
    </UnitTest>
    <UnitTest name="BatchUpdateFFTest" storage="c:\backup\bdl\prontomvc\testproject2\bin\debug\testproject2.dll" id="ffd6932d-a77e-2fda-0062-7abf6b407de2">
      <Execution id="daf2076d-c885-4ddd-be3c-31318f526435" />
      <TestMethod codeBase="C:/Backup/BDL/ProntoMVC/TestProject2/bin/Debug/TestProject2.DLL" adapterTypeName="Microsoft.VisualStudio.TestTools.TestTypes.Unit.UnitTestAdapter, Microsoft.VisualStudio.QualityTools.Tips.UnitTest.Adapter, Version=10.0.0.0, Culture=neutral, PublicKeyToken=b03f5f7f11d50a3a" className="ProntoMVC.Tests.FondoFijoControllerTest, TestProject2, Version=1.2.0.0, Culture=neutral, PublicKeyToken=null" name="BatchUpdateFFTest" />
    </UnitTest>
    <UnitTest name="IndexMoq" storage="c:\backup\bdl\prontomvc\testproject2\bin\debug\testproject2.dll" id="1db1579f-dbbd-36a7-b0c6-1d6e5f41be2f">
      <Execution id="14f4b33f-d452-485f-8974-fd9fd369b2fe" />
      <TestMethod codeBase="C:/Backup/BDL/ProntoMVC/TestProject2/bin/Debug/TestProject2.DLL" adapterTypeName="Microsoft.VisualStudio.TestTools.TestTypes.Unit.UnitTestAdapter, Microsoft.VisualStudio.QualityTools.Tips.UnitTest.Adapter, Version=10.0.0.0, Culture=neutral, PublicKeyToken=b03f5f7f11d50a3a" className="ProntoMVC.Tests.FondoFijoControllerTest, TestProject2, Version=1.2.0.0, Culture=neutral, PublicKeyToken=null" name="IndexMoq" />
    </UnitTest>
    <UnitTest name="EditMoq" storage="c:\backup\bdl\prontomvc\testproject2\bin\debug\testproject2.dll" id="e82c6de4-a4c6-f8d8-2a11-223807a9f52d">
      <Execution id="b8b5ab3b-789c-47f8-a234-04315b41bf4a" />
      <TestMethod codeBase="C:/Backup/BDL/ProntoMVC/TestProject2/bin/Debug/TestProject2.DLL" adapterTypeName="Microsoft.VisualStudio.TestTools.TestTypes.Unit.UnitTestAdapter, Microsoft.VisualStudio.QualityTools.Tips.UnitTest.Adapter, Version=10.0.0.0, Culture=neutral, PublicKeyToken=b03f5f7f11d50a3a" className="ProntoMVC.Tests.FondoFijoControllerTest, TestProject2, Version=1.2.0.0, Culture=neutral, PublicKeyToken=null" name="EditMoq" />
    </UnitTest>
  </TestDefinitions>
  <TestLists>
    <TestList name="Results Not in a List" id="8c84fa94-04c1-424b-9868-57a2d4851a1d" />
    <TestList name="All Loaded Results" id="19431567-8539-422a-85d7-44ee4e166bda" />
  </TestLists>
  <TestEntries>
    <TestEntry testId="ffd6932d-a77e-2fda-0062-7abf6b407de2" executionId="daf2076d-c885-4ddd-be3c-31318f526435" testListId="8c84fa94-04c1-424b-9868-57a2d4851a1d" />
    <TestEntry testId="f26feba5-8093-bdd3-a6bd-bc6b1c95143f" executionId="d4755f1c-fc57-43db-a619-6a949e022ec7" testListId="8c84fa94-04c1-424b-9868-57a2d4851a1d" />
    <TestEntry testId="1db1579f-dbbd-36a7-b0c6-1d6e5f41be2f" executionId="14f4b33f-d452-485f-8974-fd9fd369b2fe" testListId="8c84fa94-04c1-424b-9868-57a2d4851a1d" />
    <TestEntry testId="e82c6de4-a4c6-f8d8-2a11-223807a9f52d" executionId="b8b5ab3b-789c-47f8-a234-04315b41bf4a" testListId="8c84fa94-04c1-424b-9868-57a2d4851a1d" />
  </TestEntries>
  <Results>
    <UnitTestResult executionId="daf2076d-c885-4ddd-be3c-31318f526435" testId="ffd6932d-a77e-2fda-0062-7abf6b407de2" testName="BatchUpdateFFTest" computerName="MARIANO-PC" duration="00:00:10.0078003" startTime="2014-10-15T09:26:51.2549569-03:00" endTime="2014-10-15T09:27:02.8122470-03:00" testType="13cdc9d9-ddb5-4fa4-a97d-d965ccfc6d4b" outcome="Passed" testListId="8c84fa94-04c1-424b-9868-57a2d4851a1d" relativeResultsDirectory="daf2076d-c885-4ddd-be3c-31318f526435">
    </UnitTestResult>
    <UnitTestResult executionId="d4755f1c-fc57-43db-a619-6a949e022ec7" testId="f26feba5-8093-bdd3-a6bd-bc6b1c95143f" testName="ProbarGrabacionDelServicioDeFondoFijo" computerName="MARIANO-PC" duration="00:00:03.4631776" startTime="2014-10-15T09:27:02.8192472-03:00" endTime="2014-10-15T09:27:06.2973345-03:00" testType="13cdc9d9-ddb5-4fa4-a97d-d965ccfc6d4b" outcome="Passed" testListId="8c84fa94-04c1-424b-9868-57a2d4851a1d" relativeResultsDirectory="d4755f1c-fc57-43db-a619-6a949e022ec7">
    </UnitTestResult>
    <UnitTestResult executionId="14f4b33f-d452-485f-8974-fd9fd369b2fe" testId="1db1579f-dbbd-36a7-b0c6-1d6e5f41be2f" testName="IndexMoq" computerName="MARIANO-PC" duration="00:00:00.0380102" startTime="2014-10-15T09:27:06.3033346-03:00" endTime="2014-10-15T09:27:06.3473357-03:00" testType="13cdc9d9-ddb5-4fa4-a97d-d965ccfc6d4b" outcome="Passed" testListId="8c84fa94-04c1-424b-9868-57a2d4851a1d" relativeResultsDirectory="14f4b33f-d452-485f-8974-fd9fd369b2fe">
    </UnitTestResult>
    <UnitTestResult executionId="b8b5ab3b-789c-47f8-a234-04315b41bf4a" testId="e82c6de4-a4c6-f8d8-2a11-223807a9f52d" testName="EditMoq" computerName="MARIANO-PC" duration="00:00:02.4516356" startTime="2014-10-15T09:27:06.3523359-03:00" endTime="2014-10-15T09:27:08.8143977-03:00" testType="13cdc9d9-ddb5-4fa4-a97d-d965ccfc6d4b" outcome="Passed" testListId="8c84fa94-04c1-424b-9868-57a2d4851a1d" relativeResultsDirectory="b8b5ab3b-789c-47f8-a234-04315b41bf4a">
    </UnitTestResult>
  </Results>
</TestRun>