<?xml version="1.0" encoding="UTF-8"?>
<TestRun id="ef34ffcd-7a54-4877-bbc9-89b5debcaf44" name="Mariano@MARIANO-PC 2014-10-14 11:52:22" runUser="Mariano-PC\Mariano" xmlns="http://microsoft.com/schemas/VisualStudio/TeamTest/2010">
  <TestSettings name="Default Test Settings" id="797bd5a1-c5d7-41d1-95d7-97594013f9f5">
    <Deployment runDeploymentRoot="Mariano_MARIANO-PC 2014-10-14 11_52_22">
      <DeploymentItem filename="C:\Backup\BDL\ProntoMVC\ProntoMVC\bin\Trirand.Web.Mvc.dll" />
      <DeploymentItem filename="C:\Backup\BDL\ProntoMVC\packages\Moq.4.2.1409.1722\lib\net40\Moq.dll" />
      <DeploymentItem filename="C:\Backup\BDL\ClaseMigrar\bin\Debug\ClaseMigrar.dll" />
      <DeploymentItem filename="C:\Backup\BDL\ProntoMVC\Servicio\bin\Debug\Servicio.dll" />
      <DeploymentItem filename="C:\Backup\BDL\ProntoMVC\packages\EntityFramework.6.1.1\lib\net40\EntityFramework.SqlServer.dll" />
      <DeploymentItem filename="C:\Backup\BDL\ProntoMVC\packages\AutoMapper.3.2.1\lib\net40\AutoMapper.dll" />
      <DeploymentItem filename="C:\Backup\BDL\ProntoMVC\ProntoMVC\bin\WSAFIPFE.dll" />
      <DeploymentItem filename="C:\Backup\BDL\ProntoMVC\Data\bin\x86\Debug\ProntoMVC.Data.dll" />
      <DeploymentItem filename="C:\Backup\BDL\BussinessObject\bin\Debug\BusinessObject.dll" />
      <DeploymentItem filename="C:\Backup\BDL\ProntoMVC\packages\Lib.Web.Mvc.6.1.0\lib\net40\Lib.Web.Mvc.dll" />
      <DeploymentItem filename="C:\Backup\BDL\ProntoMVC\packages\AutoMapper.3.2.1\lib\net40\AutoMapper.Net4.dll" />
      <DeploymentItem filename="C:\Backup\BDL\DataAccess\bin\Debug\DataAccess.dll" />
      <DeploymentItem filename="C:\Backup\BDL\ProntoMVC\packages\Newtonsoft.Json.4.5.9\lib\net40\Newtonsoft.Json.dll" />
      <DeploymentItem filename="C:\Backup\BDL\ProntoMVC\packages\EntityFramework.6.1.1\lib\net40\EntityFramework.dll" />
      <DeploymentItem filename="C:\Backup\BDL\ProntoMVC\Repositorio\bin\Debug\Repositorio.dll" />
      <DeploymentItem filename="C:\Backup\BDL\ProntoMVC\ProntoMVC\bin\ProntoMVC.dll" />
    </Deployment>
    <Execution>
      <TestTypeSpecific />
      <AgentRule name="Execution Agents">
      </AgentRule>
    </Execution>
  </TestSettings>
  <Times creation="2014-10-14T11:52:22.6438323-03:00" queuing="2014-10-14T11:52:24.0498676-03:00" start="2014-10-14T11:52:24.1768708-03:00" finish="2014-10-14T11:54:53.7006238-03:00" />
  <ResultSummary outcome="Failed">
    <Counters total="4" executed="4" passed="2" error="0" failed="2" timeout="0" aborted="0" inconclusive="0" passedButRunAborted="0" notRunnable="0" notExecuted="0" disconnected="0" warning="0" completed="0" inProgress="0" pending="0" />
    <RunInfos>
      <RunInfo computerName="MARIANO-PC" outcome="Warning" timestamp="2014-10-14T11:52:23.9598654-03:00">
        <Text>Warning: Test Run deployment issue: The assembly or module 'Google.GData.Spreadsheets' directly or indirectly referenced by the test container 'c:\backup\bdl\prontomvc\testproject2\bin\debug\testproject2.dll' was not found.</Text>
      </RunInfo>
      <RunInfo computerName="MARIANO-PC" outcome="Warning" timestamp="2014-10-14T11:52:23.9608654-03:00">
        <Text>Warning: Test Run deployment issue: The assembly or module 'Google.GData.Client' directly or indirectly referenced by the test container 'c:\backup\bdl\prontomvc\testproject2\bin\debug\testproject2.dll' was not found.</Text>
      </RunInfo>
      <RunInfo computerName="MARIANO-PC" outcome="Warning" timestamp="2014-10-14T11:52:23.9608654-03:00">
        <Text>Warning: Test Run deployment issue: The assembly or module 'MySql.Data' directly or indirectly referenced by the test container 'c:\backup\bdl\prontomvc\testproject2\bin\debug\testproject2.dll' was not found.</Text>
      </RunInfo>
      <RunInfo computerName="MARIANO-PC" outcome="Warning" timestamp="2014-10-14T11:52:23.9608654-03:00">
        <Text>Warning: Test Run deployment issue: The assembly or module 'Npgsql' directly or indirectly referenced by the test container 'c:\backup\bdl\prontomvc\testproject2\bin\debug\testproject2.dll' was not found.</Text>
      </RunInfo>
      <RunInfo computerName="MARIANO-PC" outcome="Warning" timestamp="2014-10-14T11:52:23.9608654-03:00">
        <Text>Warning: Test Run deployment issue: The assembly or module 'System.Data.SQLite' directly or indirectly referenced by the test container 'c:\backup\bdl\prontomvc\testproject2\bin\debug\testproject2.dll' was not found.</Text>
      </RunInfo>
    </RunInfos>
  </ResultSummary>
  <TestDefinitions>
    <UnitTest name="ProbarGrabacionDelServicioDeFondoFijo" storage="c:\backup\bdl\prontomvc\testproject2\bin\debug\testproject2.dll" id="f26feba5-8093-bdd3-a6bd-bc6b1c95143f">
      <Execution id="840de034-fb07-4e84-ae41-d7db39488997" />
      <TestMethod codeBase="C:/Backup/BDL/ProntoMVC/TestProject2/bin/Debug/TestProject2.DLL" adapterTypeName="Microsoft.VisualStudio.TestTools.TestTypes.Unit.UnitTestAdapter, Microsoft.VisualStudio.QualityTools.Tips.UnitTest.Adapter, Version=10.0.0.0, Culture=neutral, PublicKeyToken=b03f5f7f11d50a3a" className="ProntoMVC.Tests.FondoFijoControllerTest, TestProject2, Version=1.0.0.0, Culture=neutral, PublicKeyToken=null" name="ProbarGrabacionDelServicioDeFondoFijo" />
    </UnitTest>
    <UnitTest name="BatchUpdateFFTest" storage="c:\backup\bdl\prontomvc\testproject2\bin\debug\testproject2.dll" id="ffd6932d-a77e-2fda-0062-7abf6b407de2">
      <Execution id="9f4c038f-f3fd-4e73-8741-2dd738c004cc" />
      <TestMethod codeBase="C:/Backup/BDL/ProntoMVC/TestProject2/bin/Debug/TestProject2.DLL" adapterTypeName="Microsoft.VisualStudio.TestTools.TestTypes.Unit.UnitTestAdapter, Microsoft.VisualStudio.QualityTools.Tips.UnitTest.Adapter, Version=10.0.0.0, Culture=neutral, PublicKeyToken=b03f5f7f11d50a3a" className="ProntoMVC.Tests.FondoFijoControllerTest, TestProject2, Version=1.0.0.0, Culture=neutral, PublicKeyToken=null" name="BatchUpdateFFTest" />
    </UnitTest>
    <UnitTest name="IndexMoq" storage="c:\backup\bdl\prontomvc\testproject2\bin\debug\testproject2.dll" id="1db1579f-dbbd-36a7-b0c6-1d6e5f41be2f">
      <Execution id="46cbbabf-3309-4085-9006-8f32d361d12c" />
      <TestMethod codeBase="C:/Backup/BDL/ProntoMVC/TestProject2/bin/Debug/TestProject2.DLL" adapterTypeName="Microsoft.VisualStudio.TestTools.TestTypes.Unit.UnitTestAdapter, Microsoft.VisualStudio.QualityTools.Tips.UnitTest.Adapter, Version=10.0.0.0, Culture=neutral, PublicKeyToken=b03f5f7f11d50a3a" className="ProntoMVC.Tests.FondoFijoControllerTest, TestProject2, Version=1.0.0.0, Culture=neutral, PublicKeyToken=null" name="IndexMoq" />
    </UnitTest>
    <UnitTest name="EditMoq" storage="c:\backup\bdl\prontomvc\testproject2\bin\debug\testproject2.dll" id="e82c6de4-a4c6-f8d8-2a11-223807a9f52d">
      <Execution id="a0b96346-7c44-4e08-a86f-ae871558a136" />
      <TestMethod codeBase="C:/Backup/BDL/ProntoMVC/TestProject2/bin/Debug/TestProject2.DLL" adapterTypeName="Microsoft.VisualStudio.TestTools.TestTypes.Unit.UnitTestAdapter, Microsoft.VisualStudio.QualityTools.Tips.UnitTest.Adapter, Version=10.0.0.0, Culture=neutral, PublicKeyToken=b03f5f7f11d50a3a" className="ProntoMVC.Tests.FondoFijoControllerTest, TestProject2, Version=1.0.0.0, Culture=neutral, PublicKeyToken=null" name="EditMoq" />
    </UnitTest>
  </TestDefinitions>
  <TestLists>
    <TestList name="Results Not in a List" id="8c84fa94-04c1-424b-9868-57a2d4851a1d" />
    <TestList name="All Loaded Results" id="19431567-8539-422a-85d7-44ee4e166bda" />
  </TestLists>
  <TestEntries>
    <TestEntry testId="f26feba5-8093-bdd3-a6bd-bc6b1c95143f" executionId="840de034-fb07-4e84-ae41-d7db39488997" testListId="8c84fa94-04c1-424b-9868-57a2d4851a1d" />
    <TestEntry testId="ffd6932d-a77e-2fda-0062-7abf6b407de2" executionId="9f4c038f-f3fd-4e73-8741-2dd738c004cc" testListId="8c84fa94-04c1-424b-9868-57a2d4851a1d" />
    <TestEntry testId="1db1579f-dbbd-36a7-b0c6-1d6e5f41be2f" executionId="46cbbabf-3309-4085-9006-8f32d361d12c" testListId="8c84fa94-04c1-424b-9868-57a2d4851a1d" />
    <TestEntry testId="e82c6de4-a4c6-f8d8-2a11-223807a9f52d" executionId="a0b96346-7c44-4e08-a86f-ae871558a136" testListId="8c84fa94-04c1-424b-9868-57a2d4851a1d" />
  </TestEntries>
  <Results>
    <UnitTestResult executionId="840de034-fb07-4e84-ae41-d7db39488997" testId="f26feba5-8093-bdd3-a6bd-bc6b1c95143f" testName="ProbarGrabacionDelServicioDeFondoFijo" computerName="MARIANO-PC" duration="00:02:10.9615846" startTime="2014-10-14T11:52:24.3858761-03:00" endTime="2014-10-14T11:54:36.9182025-03:00" testType="13cdc9d9-ddb5-4fa4-a97d-d965ccfc6d4b" outcome="Failed" testListId="8c84fa94-04c1-424b-9868-57a2d4851a1d" relativeResultsDirectory="840de034-fb07-4e84-ae41-d7db39488997">
      <Output>
        <ErrorInfo>
          <Message>Test method ProntoMVC.Tests.FondoFijoControllerTest.ProbarGrabacionDelServicioDeFondoFijo threw exception: 
System.InvalidOperationException: The property 'IdComprobanteProveedor' is part of the object's key information and cannot be modified. </Message>
          <StackTrace>    at System.Data.Entity.Core.Objects.EntityEntry.DetectChangesInProperty(Int32 ordinal, Boolean detectOnlyComplexProperties, Boolean detectOnly)
   at System.Data.Entity.Core.Objects.EntityEntry.DetectChangesInProperties(Boolean detectOnlyComplexProperties)
   at System.Data.Entity.Core.Objects.ObjectStateManager.DetectChangesInScalarAndComplexProperties(IList`1 entries)
   at System.Data.Entity.Core.Objects.ObjectStateManager.DetectChanges()
   at System.Data.Entity.Core.Objects.ObjectContext.DetectChanges()
   at System.Data.Entity.Internal.InternalContext.DetectChanges(Boolean force)
   at System.Data.Entity.Internal.Linq.InternalSet`1.Find(Object[] keyValues)
   at System.Data.Entity.DbSet`1.Find(Object[] keyValues)
   at Repo.Repository`1.ObtenerPorId(Int32 id) in C:\Backup\BDL\ProntoMVC\Repositorio\Repository.cs:line 68
   at Servicio.FondoFijoService.Guardar(ComprobanteProveedor ComprobanteProveedor) in C:\Backup\BDL\ProntoMVC\Servicio\FondoFijoService.cs:line 558
   at ProntoMVC.Tests.FondoFijoControllerTest.ProbarGrabacionDelServicioDeFondoFijo() in C:\Backup\BDL\ProntoMVC\TestProject2\NuevosTests.cs:line 163
</StackTrace>
        </ErrorInfo>
      </Output>
    </UnitTestResult>
    <UnitTestResult executionId="9f4c038f-f3fd-4e73-8741-2dd738c004cc" testId="ffd6932d-a77e-2fda-0062-7abf6b407de2" testName="BatchUpdateFFTest" computerName="MARIANO-PC" duration="00:00:12.1525889" startTime="2014-10-14T11:54:36.9352030-03:00" endTime="2014-10-14T11:54:49.1285090-03:00" testType="13cdc9d9-ddb5-4fa4-a97d-d965ccfc6d4b" outcome="Failed" testListId="8c84fa94-04c1-424b-9868-57a2d4851a1d" relativeResultsDirectory="9f4c038f-f3fd-4e73-8741-2dd738c004cc">
      <Output>
        <StdOut>System.Object[]</StdOut>
        <ErrorInfo>
          <Message>Assert.AreEqual failed. Expected:&lt;John&gt;. Actual:&lt;System.Object[]&gt;. </Message>
          <StackTrace>   at CallSite.Target(Closure , CallSite , Type , String , Object )
   at System.Dynamic.UpdateDelegates.UpdateAndExecuteVoid3[T0,T1,T2](CallSite site, T0 arg0, T1 arg1, T2 arg2)
   at ProntoMVC.Tests.FondoFijoControllerTest.BatchUpdateFFTest() in C:\Backup\BDL\ProntoMVC\TestProject2\NuevosTests.cs:line 122
</StackTrace>
        </ErrorInfo>
      </Output>
    </UnitTestResult>
    <UnitTestResult executionId="46cbbabf-3309-4085-9006-8f32d361d12c" testId="1db1579f-dbbd-36a7-b0c6-1d6e5f41be2f" testName="IndexMoq" computerName="MARIANO-PC" duration="00:00:00.0296071" startTime="2014-10-14T11:54:49.1405093-03:00" endTime="2014-10-14T11:54:49.1755102-03:00" testType="13cdc9d9-ddb5-4fa4-a97d-d965ccfc6d4b" outcome="Passed" testListId="8c84fa94-04c1-424b-9868-57a2d4851a1d" relativeResultsDirectory="46cbbabf-3309-4085-9006-8f32d361d12c">
    </UnitTestResult>
    <UnitTestResult executionId="a0b96346-7c44-4e08-a86f-ae871558a136" testId="e82c6de4-a4c6-f8d8-2a11-223807a9f52d" testName="EditMoq" computerName="MARIANO-PC" duration="00:00:02.6200024" startTime="2014-10-14T11:54:49.1825104-03:00" endTime="2014-10-14T11:54:51.8145764-03:00" testType="13cdc9d9-ddb5-4fa4-a97d-d965ccfc6d4b" outcome="Passed" testListId="8c84fa94-04c1-424b-9868-57a2d4851a1d" relativeResultsDirectory="a0b96346-7c44-4e08-a86f-ae871558a136">
    </UnitTestResult>
  </Results>
</TestRun>