<?xml version="1.0" encoding="UTF-8"?>
<TestRun id="f9451a7d-d190-4f80-8a30-464e54028b21" name="Mariano@MARIANO-PC 2014-10-14 13:00:06" runUser="Mariano-PC\Mariano" xmlns="http://microsoft.com/schemas/VisualStudio/TeamTest/2010">
  <TestSettings name="Default Test Settings" id="1eacef0b-b133-44af-89ec-e6f9bcf981cf">
    <Deployment runDeploymentRoot="Mariano_MARIANO-PC 2014-10-14 13_00_06">
      <DeploymentItem filename="C:\Backup\BDL\ProntoMVC\ProntoMVC\bin\Trirand.Web.Mvc.dll" />
      <DeploymentItem filename="C:\Backup\BDL\ProntoMVC\packages\Moq.4.2.1409.1722\lib\net40\Moq.dll" />
      <DeploymentItem filename="C:\Backup\BDL\ClaseMigrar\bin\Debug\ClaseMigrar.dll" />
      <DeploymentItem filename="C:\Backup\BDL\ProntoMVC\Servicio\bin\Debug\Servicio.dll" />
      <DeploymentItem filename="C:\Backup\BDL\ProntoMVC\packages\EntityFramework.6.1.1\lib\net40\EntityFramework.SqlServer.dll" />
      <DeploymentItem filename="C:\Backup\BDL\ProntoMVC\packages\AutoMapper.3.2.1\lib\net40\AutoMapper.dll" />
      <DeploymentItem filename="C:\Backup\BDL\ProntoMVC\ProntoMVC\bin\WSAFIPFE.dll" />
      <DeploymentItem filename="C:\Backup\BDL\ProntoMVC\Data\bin\x86\Debug\ProntoMVC.Data.dll" />
      <DeploymentItem filename="C:\Backup\BDL\BussinessObject\bin\Debug\BusinessObject.dll" />
      <DeploymentItem filename="C:\Backup\BDL\ProntoMVC\packages\Lib.Web.Mvc.6.1.0\lib\net40\Lib.Web.Mvc.dll" />
      <DeploymentItem filename="C:\Backup\BDL\ProntoMVC\packages\AutoMapper.3.2.1\lib\net40\AutoMapper.Net4.dll" />
      <DeploymentItem filename="C:\Backup\BDL\DataAccess\bin\Debug\DataAccess.dll" />
      <DeploymentItem filename="C:\Backup\BDL\ProntoMVC\packages\Newtonsoft.Json.4.5.9\lib\net40\Newtonsoft.Json.dll" />
      <DeploymentItem filename="C:\Backup\BDL\ProntoMVC\packages\EntityFramework.6.1.1\lib\net40\EntityFramework.dll" />
      <DeploymentItem filename="C:\Backup\BDL\ProntoMVC\Repositorio\bin\Debug\Repositorio.dll" />
      <DeploymentItem filename="C:\Backup\BDL\ProntoMVC\ProntoMVC\bin\ProntoMVC.dll" />
    </Deployment>
    <Execution>
      <TestTypeSpecific />
      <AgentRule name="Execution Agents">
      </AgentRule>
    </Execution>
  </TestSettings>
  <Times creation="2014-10-14T13:00:06.2128254-03:00" queuing="2014-10-14T13:00:08.0788722-03:00" start="2014-10-14T13:00:08.2188757-03:00" finish="2014-10-14T13:00:42.8037438-03:00" />
  <ResultSummary outcome="Failed">
    <Counters total="4" executed="4" passed="2" error="0" failed="2" timeout="0" aborted="0" inconclusive="0" passedButRunAborted="0" notRunnable="0" notExecuted="0" disconnected="0" warning="0" completed="0" inProgress="0" pending="0" />
    <RunInfos>
      <RunInfo computerName="MARIANO-PC" outcome="Warning" timestamp="2014-10-14T13:00:07.9098680-03:00">
        <Text>Warning: Test Run deployment issue: The assembly or module 'Google.GData.Spreadsheets' directly or indirectly referenced by the test container 'c:\backup\bdl\prontomvc\testproject2\bin\debug\testproject2.dll' was not found.</Text>
      </RunInfo>
      <RunInfo computerName="MARIANO-PC" outcome="Warning" timestamp="2014-10-14T13:00:07.9098680-03:00">
        <Text>Warning: Test Run deployment issue: The assembly or module 'Google.GData.Client' directly or indirectly referenced by the test container 'c:\backup\bdl\prontomvc\testproject2\bin\debug\testproject2.dll' was not found.</Text>
      </RunInfo>
      <RunInfo computerName="MARIANO-PC" outcome="Warning" timestamp="2014-10-14T13:00:07.9098680-03:00">
        <Text>Warning: Test Run deployment issue: The assembly or module 'MySql.Data' directly or indirectly referenced by the test container 'c:\backup\bdl\prontomvc\testproject2\bin\debug\testproject2.dll' was not found.</Text>
      </RunInfo>
      <RunInfo computerName="MARIANO-PC" outcome="Warning" timestamp="2014-10-14T13:00:07.9098680-03:00">
        <Text>Warning: Test Run deployment issue: The assembly or module 'Npgsql' directly or indirectly referenced by the test container 'c:\backup\bdl\prontomvc\testproject2\bin\debug\testproject2.dll' was not found.</Text>
      </RunInfo>
      <RunInfo computerName="MARIANO-PC" outcome="Warning" timestamp="2014-10-14T13:00:07.9098680-03:00">
        <Text>Warning: Test Run deployment issue: The assembly or module 'System.Data.SQLite' directly or indirectly referenced by the test container 'c:\backup\bdl\prontomvc\testproject2\bin\debug\testproject2.dll' was not found.</Text>
      </RunInfo>
    </RunInfos>
  </ResultSummary>
  <TestDefinitions>
    <UnitTest name="ProbarGrabacionDelServicioDeFondoFijo" storage="c:\backup\bdl\prontomvc\testproject2\bin\debug\testproject2.dll" id="f26feba5-8093-bdd3-a6bd-bc6b1c95143f">
      <Execution id="ef241598-8045-4946-92e5-d9b68d60e725" />
      <TestMethod codeBase="C:/Backup/BDL/ProntoMVC/TestProject2/bin/Debug/TestProject2.DLL" adapterTypeName="Microsoft.VisualStudio.TestTools.TestTypes.Unit.UnitTestAdapter, Microsoft.VisualStudio.QualityTools.Tips.UnitTest.Adapter, Version=10.0.0.0, Culture=neutral, PublicKeyToken=b03f5f7f11d50a3a" className="ProntoMVC.Tests.FondoFijoControllerTest, TestProject2, Version=1.0.0.0, Culture=neutral, PublicKeyToken=null" name="ProbarGrabacionDelServicioDeFondoFijo" />
    </UnitTest>
    <UnitTest name="BatchUpdateFFTest" storage="c:\backup\bdl\prontomvc\testproject2\bin\debug\testproject2.dll" id="ffd6932d-a77e-2fda-0062-7abf6b407de2">
      <Execution id="d9ac719c-8d58-4a94-8461-3514c670a1fb" />
      <TestMethod codeBase="C:/Backup/BDL/ProntoMVC/TestProject2/bin/Debug/TestProject2.DLL" adapterTypeName="Microsoft.VisualStudio.TestTools.TestTypes.Unit.UnitTestAdapter, Microsoft.VisualStudio.QualityTools.Tips.UnitTest.Adapter, Version=10.0.0.0, Culture=neutral, PublicKeyToken=b03f5f7f11d50a3a" className="ProntoMVC.Tests.FondoFijoControllerTest, TestProject2, Version=1.0.0.0, Culture=neutral, PublicKeyToken=null" name="BatchUpdateFFTest" />
    </UnitTest>
    <UnitTest name="IndexMoq" storage="c:\backup\bdl\prontomvc\testproject2\bin\debug\testproject2.dll" id="1db1579f-dbbd-36a7-b0c6-1d6e5f41be2f">
      <Execution id="48f7d3f7-263c-4600-af93-895d7e8a6fab" />
      <TestMethod codeBase="C:/Backup/BDL/ProntoMVC/TestProject2/bin/Debug/TestProject2.DLL" adapterTypeName="Microsoft.VisualStudio.TestTools.TestTypes.Unit.UnitTestAdapter, Microsoft.VisualStudio.QualityTools.Tips.UnitTest.Adapter, Version=10.0.0.0, Culture=neutral, PublicKeyToken=b03f5f7f11d50a3a" className="ProntoMVC.Tests.FondoFijoControllerTest, TestProject2, Version=1.0.0.0, Culture=neutral, PublicKeyToken=null" name="IndexMoq" />
    </UnitTest>
    <UnitTest name="EditMoq" storage="c:\backup\bdl\prontomvc\testproject2\bin\debug\testproject2.dll" id="e82c6de4-a4c6-f8d8-2a11-223807a9f52d">
      <Execution id="16452728-7226-488d-8add-71d71b5fc6cf" />
      <TestMethod codeBase="C:/Backup/BDL/ProntoMVC/TestProject2/bin/Debug/TestProject2.DLL" adapterTypeName="Microsoft.VisualStudio.TestTools.TestTypes.Unit.UnitTestAdapter, Microsoft.VisualStudio.QualityTools.Tips.UnitTest.Adapter, Version=10.0.0.0, Culture=neutral, PublicKeyToken=b03f5f7f11d50a3a" className="ProntoMVC.Tests.FondoFijoControllerTest, TestProject2, Version=1.0.0.0, Culture=neutral, PublicKeyToken=null" name="EditMoq" />
    </UnitTest>
  </TestDefinitions>
  <TestLists>
    <TestList name="Results Not in a List" id="8c84fa94-04c1-424b-9868-57a2d4851a1d" />
    <TestList name="All Loaded Results" id="19431567-8539-422a-85d7-44ee4e166bda" />
  </TestLists>
  <TestEntries>
    <TestEntry testId="f26feba5-8093-bdd3-a6bd-bc6b1c95143f" executionId="ef241598-8045-4946-92e5-d9b68d60e725" testListId="8c84fa94-04c1-424b-9868-57a2d4851a1d" />
    <TestEntry testId="ffd6932d-a77e-2fda-0062-7abf6b407de2" executionId="d9ac719c-8d58-4a94-8461-3514c670a1fb" testListId="8c84fa94-04c1-424b-9868-57a2d4851a1d" />
    <TestEntry testId="1db1579f-dbbd-36a7-b0c6-1d6e5f41be2f" executionId="48f7d3f7-263c-4600-af93-895d7e8a6fab" testListId="8c84fa94-04c1-424b-9868-57a2d4851a1d" />
    <TestEntry testId="e82c6de4-a4c6-f8d8-2a11-223807a9f52d" executionId="16452728-7226-488d-8add-71d71b5fc6cf" testListId="8c84fa94-04c1-424b-9868-57a2d4851a1d" />
  </TestEntries>
  <Results>
    <UnitTestResult executionId="ef241598-8045-4946-92e5-d9b68d60e725" testId="f26feba5-8093-bdd3-a6bd-bc6b1c95143f" testName="ProbarGrabacionDelServicioDeFondoFijo" computerName="MARIANO-PC" duration="00:00:13.6176626" startTime="2014-10-14T13:00:08.3668794-03:00" endTime="2014-10-14T13:00:22.9612457-03:00" testType="13cdc9d9-ddb5-4fa4-a97d-d965ccfc6d4b" outcome="Failed" testListId="8c84fa94-04c1-424b-9868-57a2d4851a1d" relativeResultsDirectory="ef241598-8045-4946-92e5-d9b68d60e725">
      <Output>
        <ErrorInfo>
          <Message>Assert.AreEqual failed. Expected:&lt;ProntoMVC.Data.Models.ComprobanteProveedor (ProntoMVC.Data.Models.ComprobanteProveedor)&gt;. Actual:&lt;System.Data.Entity.DynamicProxies.ComprobanteProveedor_090845289A6542873B5FD3DE03C6521447AE33953828A2E40A13092BD2B7A9D7 (System.Data.Entity.DynamicProxies.ComprobanteProveedor_090845289A6542873B5FD3DE03C6521447AE33953828A2E40A13092BD2B7A9D7)&gt;. </Message>
          <StackTrace>   at ProntoMVC.Tests.FondoFijoControllerTest.ProbarGrabacionDelServicioDeFondoFijo() in C:\Backup\BDL\ProntoMVC\TestProject2\NuevosTests.cs:line 171
</StackTrace>
        </ErrorInfo>
      </Output>
    </UnitTestResult>
    <UnitTestResult executionId="d9ac719c-8d58-4a94-8461-3514c670a1fb" testId="ffd6932d-a77e-2fda-0062-7abf6b407de2" testName="BatchUpdateFFTest" computerName="MARIANO-PC" duration="00:00:14.1773739" startTime="2014-10-14T13:00:22.9732460-03:00" endTime="2014-10-14T13:00:37.1926029-03:00" testType="13cdc9d9-ddb5-4fa4-a97d-d965ccfc6d4b" outcome="Failed" testListId="8c84fa94-04c1-424b-9868-57a2d4851a1d" relativeResultsDirectory="d9ac719c-8d58-4a94-8461-3514c670a1fb">
      <Output>
        <ErrorInfo>
          <Message>Test method ProntoMVC.Tests.FondoFijoControllerTest.BatchUpdateFFTest threw exception: 
System.Collections.Generic.KeyNotFoundException: The given key was not present in the dictionary.</Message>
          <StackTrace>    at System.Collections.Generic.Dictionary`2.get_Item(TKey key)
   at CallSite.Target(Closure , CallSite , Object , String )
   at System.Dynamic.UpdateDelegates.UpdateAndExecute2[T0,T1,TRet](CallSite site, T0 arg0, T1 arg1)
   at ProntoMVC.Tests.FondoFijoControllerTest.BatchUpdateFFTest() in C:\Backup\BDL\ProntoMVC\TestProject2\NuevosTests.cs:line 118
</StackTrace>
        </ErrorInfo>
      </Output>
    </UnitTestResult>
    <UnitTestResult executionId="48f7d3f7-263c-4600-af93-895d7e8a6fab" testId="1db1579f-dbbd-36a7-b0c6-1d6e5f41be2f" testName="IndexMoq" computerName="MARIANO-PC" duration="00:00:00.0271659" startTime="2014-10-14T13:00:37.1996031-03:00" endTime="2014-10-14T13:00:37.2316039-03:00" testType="13cdc9d9-ddb5-4fa4-a97d-d965ccfc6d4b" outcome="Passed" testListId="8c84fa94-04c1-424b-9868-57a2d4851a1d" relativeResultsDirectory="48f7d3f7-263c-4600-af93-895d7e8a6fab">
    </UnitTestResult>
    <UnitTestResult executionId="16452728-7226-488d-8add-71d71b5fc6cf" testId="e82c6de4-a4c6-f8d8-2a11-223807a9f52d" testName="EditMoq" computerName="MARIANO-PC" duration="00:00:02.8370746" startTime="2014-10-14T13:00:37.2386041-03:00" endTime="2014-10-14T13:00:40.0876756-03:00" testType="13cdc9d9-ddb5-4fa4-a97d-d965ccfc6d4b" outcome="Passed" testListId="8c84fa94-04c1-424b-9868-57a2d4851a1d" relativeResultsDirectory="16452728-7226-488d-8add-71d71b5fc6cf">
    </UnitTestResult>
  </Results>
</TestRun>