<?xml version="1.0" encoding="UTF-8"?>
<TestRun id="3ece8a0a-cbbe-47f9-93d4-9ae6af58e67e" name="Mariano@MARIANO-PC 2014-10-14 13:26:17" runUser="Mariano-PC\Mariano" xmlns="http://microsoft.com/schemas/VisualStudio/TeamTest/2010">
  <TestSettings name="Default Test Settings" id="c7dd8b2e-2910-4519-a083-cfda3e915aa4">
    <Deployment runDeploymentRoot="Mariano_MARIANO-PC 2014-10-14 13_26_17">
      <DeploymentItem filename="C:\Backup\BDL\ProntoMVC\ProntoMVC\bin\Trirand.Web.Mvc.dll" />
      <DeploymentItem filename="C:\Backup\BDL\ProntoMVC\packages\Moq.4.2.1409.1722\lib\net40\Moq.dll" />
      <DeploymentItem filename="C:\Backup\BDL\ClaseMigrar\bin\Debug\ClaseMigrar.dll" />
      <DeploymentItem filename="C:\Backup\BDL\ProntoMVC\Servicio\bin\Debug\Servicio.dll" />
      <DeploymentItem filename="C:\Backup\BDL\ProntoMVC\packages\EntityFramework.6.1.1\lib\net40\EntityFramework.SqlServer.dll" />
      <DeploymentItem filename="C:\Backup\BDL\ProntoMVC\packages\AutoMapper.3.2.1\lib\net40\AutoMapper.dll" />
      <DeploymentItem filename="C:\Backup\BDL\ProntoMVC\ProntoMVC\bin\WSAFIPFE.dll" />
      <DeploymentItem filename="C:\Backup\BDL\ProntoMVC\Data\bin\x86\Debug\ProntoMVC.Data.dll" />
      <DeploymentItem filename="C:\Backup\BDL\BussinessObject\bin\Debug\BusinessObject.dll" />
      <DeploymentItem filename="C:\Backup\BDL\ProntoMVC\packages\Lib.Web.Mvc.6.1.0\lib\net40\Lib.Web.Mvc.dll" />
      <DeploymentItem filename="C:\Backup\BDL\ProntoMVC\packages\AutoMapper.3.2.1\lib\net40\AutoMapper.Net4.dll" />
      <DeploymentItem filename="C:\Backup\BDL\DataAccess\bin\Debug\DataAccess.dll" />
      <DeploymentItem filename="C:\Backup\BDL\ProntoMVC\packages\Newtonsoft.Json.4.5.9\lib\net40\Newtonsoft.Json.dll" />
      <DeploymentItem filename="C:\Backup\BDL\ProntoMVC\packages\EntityFramework.6.1.1\lib\net40\EntityFramework.dll" />
      <DeploymentItem filename="C:\Backup\BDL\ProntoMVC\Repositorio\bin\Debug\Repositorio.dll" />
      <DeploymentItem filename="C:\Backup\BDL\ProntoMVC\ProntoMVC\bin\ProntoMVC.dll" />
    </Deployment>
    <Execution>
      <TestTypeSpecific />
      <AgentRule name="Execution Agents">
      </AgentRule>
    </Execution>
  </TestSettings>
  <Times creation="2014-10-14T13:26:17.6012662-03:00" queuing="2014-10-14T13:26:19.3043090-03:00" start="2014-10-14T13:26:19.4803134-03:00" finish="2014-10-14T13:26:41.9208766-03:00" />
  <ResultSummary outcome="Warning">
    <Counters total="4" executed="4" passed="4" error="0" failed="0" timeout="0" aborted="0" inconclusive="0" passedButRunAborted="0" notRunnable="0" notExecuted="0" disconnected="0" warning="0" completed="0" inProgress="0" pending="0" />
    <RunInfos>
      <RunInfo computerName="MARIANO-PC" outcome="Warning" timestamp="2014-10-14T13:26:18.0452774-03:00">
        <Text>Warning: Test Run deployment issue: The assembly or module 'Google.GData.Spreadsheets' directly or indirectly referenced by the test container 'c:\backup\bdl\prontomvc\testproject2\bin\debug\testproject2.dll' was not found.</Text>
      </RunInfo>
      <RunInfo computerName="MARIANO-PC" outcome="Warning" timestamp="2014-10-14T13:26:18.0452774-03:00">
        <Text>Warning: Test Run deployment issue: The assembly or module 'Google.GData.Client' directly or indirectly referenced by the test container 'c:\backup\bdl\prontomvc\testproject2\bin\debug\testproject2.dll' was not found.</Text>
      </RunInfo>
      <RunInfo computerName="MARIANO-PC" outcome="Warning" timestamp="2014-10-14T13:26:18.0452774-03:00">
        <Text>Warning: Test Run deployment issue: The assembly or module 'MySql.Data' directly or indirectly referenced by the test container 'c:\backup\bdl\prontomvc\testproject2\bin\debug\testproject2.dll' was not found.</Text>
      </RunInfo>
      <RunInfo computerName="MARIANO-PC" outcome="Warning" timestamp="2014-10-14T13:26:18.0452774-03:00">
        <Text>Warning: Test Run deployment issue: The assembly or module 'Npgsql' directly or indirectly referenced by the test container 'c:\backup\bdl\prontomvc\testproject2\bin\debug\testproject2.dll' was not found.</Text>
      </RunInfo>
      <RunInfo computerName="MARIANO-PC" outcome="Warning" timestamp="2014-10-14T13:26:18.0452774-03:00">
        <Text>Warning: Test Run deployment issue: The assembly or module 'System.Data.SQLite' directly or indirectly referenced by the test container 'c:\backup\bdl\prontomvc\testproject2\bin\debug\testproject2.dll' was not found.</Text>
      </RunInfo>
    </RunInfos>
  </ResultSummary>
  <TestDefinitions>
    <UnitTest name="ProbarGrabacionDelServicioDeFondoFijo" storage="c:\backup\bdl\prontomvc\testproject2\bin\debug\testproject2.dll" id="f26feba5-8093-bdd3-a6bd-bc6b1c95143f">
      <Execution id="d20b4bd1-981b-47a6-92cd-8dbaae37ce5c" />
      <TestMethod codeBase="C:/Backup/BDL/ProntoMVC/TestProject2/bin/Debug/TestProject2.DLL" adapterTypeName="Microsoft.VisualStudio.TestTools.TestTypes.Unit.UnitTestAdapter, Microsoft.VisualStudio.QualityTools.Tips.UnitTest.Adapter, Version=10.0.0.0, Culture=neutral, PublicKeyToken=b03f5f7f11d50a3a" className="ProntoMVC.Tests.FondoFijoControllerTest, TestProject2, Version=1.0.0.0, Culture=neutral, PublicKeyToken=null" name="ProbarGrabacionDelServicioDeFondoFijo" />
    </UnitTest>
    <UnitTest name="BatchUpdateFFTest" storage="c:\backup\bdl\prontomvc\testproject2\bin\debug\testproject2.dll" id="ffd6932d-a77e-2fda-0062-7abf6b407de2">
      <Execution id="ece9f01a-005a-45e4-b61d-fb8631686964" />
      <TestMethod codeBase="C:/Backup/BDL/ProntoMVC/TestProject2/bin/Debug/TestProject2.DLL" adapterTypeName="Microsoft.VisualStudio.TestTools.TestTypes.Unit.UnitTestAdapter, Microsoft.VisualStudio.QualityTools.Tips.UnitTest.Adapter, Version=10.0.0.0, Culture=neutral, PublicKeyToken=b03f5f7f11d50a3a" className="ProntoMVC.Tests.FondoFijoControllerTest, TestProject2, Version=1.0.0.0, Culture=neutral, PublicKeyToken=null" name="BatchUpdateFFTest" />
    </UnitTest>
    <UnitTest name="IndexMoq" storage="c:\backup\bdl\prontomvc\testproject2\bin\debug\testproject2.dll" id="1db1579f-dbbd-36a7-b0c6-1d6e5f41be2f">
      <Execution id="3bc0ccfb-f822-4e1d-b83e-14b4adb7dbd0" />
      <TestMethod codeBase="C:/Backup/BDL/ProntoMVC/TestProject2/bin/Debug/TestProject2.DLL" adapterTypeName="Microsoft.VisualStudio.TestTools.TestTypes.Unit.UnitTestAdapter, Microsoft.VisualStudio.QualityTools.Tips.UnitTest.Adapter, Version=10.0.0.0, Culture=neutral, PublicKeyToken=b03f5f7f11d50a3a" className="ProntoMVC.Tests.FondoFijoControllerTest, TestProject2, Version=1.0.0.0, Culture=neutral, PublicKeyToken=null" name="IndexMoq" />
    </UnitTest>
    <UnitTest name="EditMoq" storage="c:\backup\bdl\prontomvc\testproject2\bin\debug\testproject2.dll" id="e82c6de4-a4c6-f8d8-2a11-223807a9f52d">
      <Execution id="871cbd81-a306-4868-8223-f8dfdae5aa51" />
      <TestMethod codeBase="C:/Backup/BDL/ProntoMVC/TestProject2/bin/Debug/TestProject2.DLL" adapterTypeName="Microsoft.VisualStudio.TestTools.TestTypes.Unit.UnitTestAdapter, Microsoft.VisualStudio.QualityTools.Tips.UnitTest.Adapter, Version=10.0.0.0, Culture=neutral, PublicKeyToken=b03f5f7f11d50a3a" className="ProntoMVC.Tests.FondoFijoControllerTest, TestProject2, Version=1.0.0.0, Culture=neutral, PublicKeyToken=null" name="EditMoq" />
    </UnitTest>
  </TestDefinitions>
  <TestLists>
    <TestList name="Results Not in a List" id="8c84fa94-04c1-424b-9868-57a2d4851a1d" />
    <TestList name="All Loaded Results" id="19431567-8539-422a-85d7-44ee4e166bda" />
  </TestLists>
  <TestEntries>
    <TestEntry testId="f26feba5-8093-bdd3-a6bd-bc6b1c95143f" executionId="d20b4bd1-981b-47a6-92cd-8dbaae37ce5c" testListId="8c84fa94-04c1-424b-9868-57a2d4851a1d" />
    <TestEntry testId="ffd6932d-a77e-2fda-0062-7abf6b407de2" executionId="ece9f01a-005a-45e4-b61d-fb8631686964" testListId="8c84fa94-04c1-424b-9868-57a2d4851a1d" />
    <TestEntry testId="1db1579f-dbbd-36a7-b0c6-1d6e5f41be2f" executionId="3bc0ccfb-f822-4e1d-b83e-14b4adb7dbd0" testListId="8c84fa94-04c1-424b-9868-57a2d4851a1d" />
    <TestEntry testId="e82c6de4-a4c6-f8d8-2a11-223807a9f52d" executionId="871cbd81-a306-4868-8223-f8dfdae5aa51" testListId="8c84fa94-04c1-424b-9868-57a2d4851a1d" />
  </TestEntries>
  <Results>
    <UnitTestResult executionId="d20b4bd1-981b-47a6-92cd-8dbaae37ce5c" testId="f26feba5-8093-bdd3-a6bd-bc6b1c95143f" testName="ProbarGrabacionDelServicioDeFondoFijo" computerName="MARIANO-PC" duration="00:00:10.7698622" startTime="2014-10-14T13:26:19.6513177-03:00" endTime="2014-10-14T13:26:32.6066428-03:00" testType="13cdc9d9-ddb5-4fa4-a97d-d965ccfc6d4b" outcome="Passed" testListId="8c84fa94-04c1-424b-9868-57a2d4851a1d" relativeResultsDirectory="d20b4bd1-981b-47a6-92cd-8dbaae37ce5c">
    </UnitTestResult>
    <UnitTestResult executionId="ece9f01a-005a-45e4-b61d-fb8631686964" testId="ffd6932d-a77e-2fda-0062-7abf6b407de2" testName="BatchUpdateFFTest" computerName="MARIANO-PC" duration="00:00:04.4905422" startTime="2014-10-14T13:26:32.6176431-03:00" endTime="2014-10-14T13:26:37.1277563-03:00" testType="13cdc9d9-ddb5-4fa4-a97d-d965ccfc6d4b" outcome="Passed" testListId="8c84fa94-04c1-424b-9868-57a2d4851a1d" relativeResultsDirectory="ece9f01a-005a-45e4-b61d-fb8631686964">
    </UnitTestResult>
    <UnitTestResult executionId="3bc0ccfb-f822-4e1d-b83e-14b4adb7dbd0" testId="1db1579f-dbbd-36a7-b0c6-1d6e5f41be2f" testName="IndexMoq" computerName="MARIANO-PC" duration="00:00:00.0284738" startTime="2014-10-14T13:26:37.1357565-03:00" endTime="2014-10-14T13:26:37.1697574-03:00" testType="13cdc9d9-ddb5-4fa4-a97d-d965ccfc6d4b" outcome="Passed" testListId="8c84fa94-04c1-424b-9868-57a2d4851a1d" relativeResultsDirectory="3bc0ccfb-f822-4e1d-b83e-14b4adb7dbd0">
    </UnitTestResult>
    <UnitTestResult executionId="871cbd81-a306-4868-8223-f8dfdae5aa51" testId="e82c6de4-a4c6-f8d8-2a11-223807a9f52d" testName="EditMoq" computerName="MARIANO-PC" duration="00:00:02.8468109" startTime="2014-10-14T13:26:37.1757575-03:00" endTime="2014-10-14T13:26:40.0348293-03:00" testType="13cdc9d9-ddb5-4fa4-a97d-d965ccfc6d4b" outcome="Passed" testListId="8c84fa94-04c1-424b-9868-57a2d4851a1d" relativeResultsDirectory="871cbd81-a306-4868-8223-f8dfdae5aa51">
    </UnitTestResult>
  </Results>
</TestRun>