<?xml version="1.0" encoding="UTF-8"?>
<TestRun id="06f393e8-7abb-45cd-b634-045cdde38181" name="Mariano@MARIANO-PC 2014-10-14 13:00:56" runUser="Mariano-PC\Mariano" xmlns="http://microsoft.com/schemas/VisualStudio/TeamTest/2010">
  <TestSettings name="Default Test Settings" id="a47b766b-6c02-41c5-a4c1-18e23f59a23d">
    <Deployment runDeploymentRoot="Mariano_MARIANO-PC 2014-10-14 13_00_56">
      <DeploymentItem filename="C:\Backup\BDL\ProntoMVC\ProntoMVC\bin\Trirand.Web.Mvc.dll" />
      <DeploymentItem filename="C:\Backup\BDL\ProntoMVC\packages\Moq.4.2.1409.1722\lib\net40\Moq.dll" />
      <DeploymentItem filename="C:\Backup\BDL\ClaseMigrar\bin\Debug\ClaseMigrar.dll" />
      <DeploymentItem filename="C:\Backup\BDL\ProntoMVC\Servicio\bin\Debug\Servicio.dll" />
      <DeploymentItem filename="C:\Backup\BDL\ProntoMVC\packages\EntityFramework.6.1.1\lib\net40\EntityFramework.SqlServer.dll" />
      <DeploymentItem filename="C:\Backup\BDL\ProntoMVC\packages\AutoMapper.3.2.1\lib\net40\AutoMapper.dll" />
      <DeploymentItem filename="C:\Backup\BDL\ProntoMVC\ProntoMVC\bin\WSAFIPFE.dll" />
      <DeploymentItem filename="C:\Backup\BDL\ProntoMVC\Data\bin\x86\Debug\ProntoMVC.Data.dll" />
      <DeploymentItem filename="C:\Backup\BDL\BussinessObject\bin\Debug\BusinessObject.dll" />
      <DeploymentItem filename="C:\Backup\BDL\ProntoMVC\packages\Lib.Web.Mvc.6.1.0\lib\net40\Lib.Web.Mvc.dll" />
      <DeploymentItem filename="C:\Backup\BDL\ProntoMVC\packages\AutoMapper.3.2.1\lib\net40\AutoMapper.Net4.dll" />
      <DeploymentItem filename="C:\Backup\BDL\DataAccess\bin\Debug\DataAccess.dll" />
      <DeploymentItem filename="C:\Backup\BDL\ProntoMVC\packages\Newtonsoft.Json.4.5.9\lib\net40\Newtonsoft.Json.dll" />
      <DeploymentItem filename="C:\Backup\BDL\ProntoMVC\packages\EntityFramework.6.1.1\lib\net40\EntityFramework.dll" />
      <DeploymentItem filename="C:\Backup\BDL\ProntoMVC\Repositorio\bin\Debug\Repositorio.dll" />
      <DeploymentItem filename="C:\Backup\BDL\ProntoMVC\ProntoMVC\bin\ProntoMVC.dll" />
    </Deployment>
    <Execution>
      <TestTypeSpecific />
      <AgentRule name="Execution Agents">
      </AgentRule>
    </Execution>
  </TestSettings>
  <Times creation="2014-10-14T13:00:56.0760769-03:00" queuing="2014-10-14T13:00:57.0541014-03:00" start="2014-10-14T13:00:57.1911049-03:00" finish="2014-10-14T13:02:46.4788479-03:00" />
  <ResultSummary outcome="Error">
    <Counters total="4" executed="2" passed="1" error="0" failed="0" timeout="0" aborted="1" inconclusive="0" passedButRunAborted="0" notRunnable="0" notExecuted="2" disconnected="0" warning="0" completed="0" inProgress="0" pending="0" />
    <RunInfos>
      <RunInfo computerName="MARIANO-PC" outcome="Warning" timestamp="2014-10-14T13:00:56.5160879-03:00">
        <Text>Warning: Test Run deployment issue: The assembly or module 'Google.GData.Spreadsheets' directly or indirectly referenced by the test container 'c:\backup\bdl\prontomvc\testproject2\bin\debug\testproject2.dll' was not found.</Text>
      </RunInfo>
      <RunInfo computerName="MARIANO-PC" outcome="Warning" timestamp="2014-10-14T13:00:56.5160879-03:00">
        <Text>Warning: Test Run deployment issue: The assembly or module 'Google.GData.Client' directly or indirectly referenced by the test container 'c:\backup\bdl\prontomvc\testproject2\bin\debug\testproject2.dll' was not found.</Text>
      </RunInfo>
      <RunInfo computerName="MARIANO-PC" outcome="Warning" timestamp="2014-10-14T13:00:56.5160879-03:00">
        <Text>Warning: Test Run deployment issue: The assembly or module 'MySql.Data' directly or indirectly referenced by the test container 'c:\backup\bdl\prontomvc\testproject2\bin\debug\testproject2.dll' was not found.</Text>
      </RunInfo>
      <RunInfo computerName="MARIANO-PC" outcome="Warning" timestamp="2014-10-14T13:00:56.5160879-03:00">
        <Text>Warning: Test Run deployment issue: The assembly or module 'Npgsql' directly or indirectly referenced by the test container 'c:\backup\bdl\prontomvc\testproject2\bin\debug\testproject2.dll' was not found.</Text>
      </RunInfo>
      <RunInfo computerName="MARIANO-PC" outcome="Warning" timestamp="2014-10-14T13:00:56.5160879-03:00">
        <Text>Warning: Test Run deployment issue: The assembly or module 'System.Data.SQLite' directly or indirectly referenced by the test container 'c:\backup\bdl\prontomvc\testproject2\bin\debug\testproject2.dll' was not found.</Text>
      </RunInfo>
      <RunInfo computerName="MARIANO-PC" outcome="Error" timestamp="2014-10-14T13:02:46.4758479-03:00">
        <Text>Test host process exited unexpectedly.</Text>
      </RunInfo>
    </RunInfos>
  </ResultSummary>
  <TestDefinitions>
    <UnitTest name="ProbarGrabacionDelServicioDeFondoFijo" storage="c:\backup\bdl\prontomvc\testproject2\bin\debug\testproject2.dll" id="f26feba5-8093-bdd3-a6bd-bc6b1c95143f">
      <Execution id="0eebdd5b-2d07-4969-b4c2-6b5499118dae" />
      <TestMethod codeBase="C:/Backup/BDL/ProntoMVC/TestProject2/bin/Debug/TestProject2.DLL" adapterTypeName="Microsoft.VisualStudio.TestTools.TestTypes.Unit.UnitTestAdapter, Microsoft.VisualStudio.QualityTools.Tips.UnitTest.Adapter, Version=10.0.0.0, Culture=neutral, PublicKeyToken=b03f5f7f11d50a3a" className="ProntoMVC.Tests.FondoFijoControllerTest, TestProject2, Version=1.0.0.0, Culture=neutral, PublicKeyToken=null" name="ProbarGrabacionDelServicioDeFondoFijo" />
    </UnitTest>
    <UnitTest name="BatchUpdateFFTest" storage="c:\backup\bdl\prontomvc\testproject2\bin\debug\testproject2.dll" id="ffd6932d-a77e-2fda-0062-7abf6b407de2">
      <Execution id="fe709aba-d459-46bd-9b05-48ec71bc700c" />
      <TestMethod codeBase="C:/Backup/BDL/ProntoMVC/TestProject2/bin/Debug/TestProject2.DLL" adapterTypeName="Microsoft.VisualStudio.TestTools.TestTypes.Unit.UnitTestAdapter, Microsoft.VisualStudio.QualityTools.Tips.UnitTest.Adapter, Version=10.0.0.0, Culture=neutral, PublicKeyToken=b03f5f7f11d50a3a" className="ProntoMVC.Tests.FondoFijoControllerTest, TestProject2, Version=1.0.0.0, Culture=neutral, PublicKeyToken=null" name="BatchUpdateFFTest" />
    </UnitTest>
    <UnitTest name="IndexMoq" storage="c:\backup\bdl\prontomvc\testproject2\bin\debug\testproject2.dll" id="1db1579f-dbbd-36a7-b0c6-1d6e5f41be2f">
      <Execution id="aba53514-6dfb-420f-bd18-fdeb3e281252" />
      <TestMethod codeBase="C:/Backup/BDL/ProntoMVC/TestProject2/bin/Debug/TestProject2.DLL" adapterTypeName="Microsoft.VisualStudio.TestTools.TestTypes.Unit.UnitTestAdapter, Microsoft.VisualStudio.QualityTools.Tips.UnitTest.Adapter, Version=10.0.0.0, Culture=neutral, PublicKeyToken=b03f5f7f11d50a3a" className="ProntoMVC.Tests.FondoFijoControllerTest, TestProject2, Version=1.0.0.0, Culture=neutral, PublicKeyToken=null" name="IndexMoq" />
    </UnitTest>
    <UnitTest name="EditMoq" storage="c:\backup\bdl\prontomvc\testproject2\bin\debug\testproject2.dll" id="e82c6de4-a4c6-f8d8-2a11-223807a9f52d">
      <Execution id="008e8716-3441-417b-a7a1-c2b1ad087a44" />
      <TestMethod codeBase="C:/Backup/BDL/ProntoMVC/TestProject2/bin/Debug/TestProject2.DLL" adapterTypeName="Microsoft.VisualStudio.TestTools.TestTypes.Unit.UnitTestAdapter, Microsoft.VisualStudio.QualityTools.Tips.UnitTest.Adapter, Version=10.0.0.0, Culture=neutral, PublicKeyToken=b03f5f7f11d50a3a" className="ProntoMVC.Tests.FondoFijoControllerTest, TestProject2, Version=1.0.0.0, Culture=neutral, PublicKeyToken=null" name="EditMoq" />
    </UnitTest>
  </TestDefinitions>
  <TestLists>
    <TestList name="Results Not in a List" id="8c84fa94-04c1-424b-9868-57a2d4851a1d" />
    <TestList name="All Loaded Results" id="19431567-8539-422a-85d7-44ee4e166bda" />
  </TestLists>
  <TestEntries>
    <TestEntry testId="f26feba5-8093-bdd3-a6bd-bc6b1c95143f" executionId="0eebdd5b-2d07-4969-b4c2-6b5499118dae" testListId="8c84fa94-04c1-424b-9868-57a2d4851a1d" />
    <TestEntry testId="ffd6932d-a77e-2fda-0062-7abf6b407de2" executionId="fe709aba-d459-46bd-9b05-48ec71bc700c" testListId="8c84fa94-04c1-424b-9868-57a2d4851a1d" />
    <TestEntry testId="1db1579f-dbbd-36a7-b0c6-1d6e5f41be2f" executionId="aba53514-6dfb-420f-bd18-fdeb3e281252" testListId="8c84fa94-04c1-424b-9868-57a2d4851a1d" />
    <TestEntry testId="e82c6de4-a4c6-f8d8-2a11-223807a9f52d" executionId="008e8716-3441-417b-a7a1-c2b1ad087a44" testListId="8c84fa94-04c1-424b-9868-57a2d4851a1d" />
  </TestEntries>
  <Results>
    <UnitTestResult executionId="0eebdd5b-2d07-4969-b4c2-6b5499118dae" testId="f26feba5-8093-bdd3-a6bd-bc6b1c95143f" testName="ProbarGrabacionDelServicioDeFondoFijo" computerName="MARIANO-PC" duration="00:00:46.3682271" startTime="2014-10-14T13:00:57.3671093-03:00" endTime="2014-10-14T13:01:44.7662990-03:00" testType="13cdc9d9-ddb5-4fa4-a97d-d965ccfc6d4b" outcome="Passed" testListId="8c84fa94-04c1-424b-9868-57a2d4851a1d" relativeResultsDirectory="0eebdd5b-2d07-4969-b4c2-6b5499118dae">
    </UnitTestResult>
    <UnitTestResult executionId="fe709aba-d459-46bd-9b05-48ec71bc700c" testId="ffd6932d-a77e-2fda-0062-7abf6b407de2" testName="BatchUpdateFFTest" computerName="MARIANO-PC" duration="00:01:01.7025487" startTime="2014-10-14T13:01:44.7752992-03:00" endTime="2014-10-14T13:02:46.4778479-03:00" testType="13cdc9d9-ddb5-4fa4-a97d-d965ccfc6d4b" outcome="Aborted" testListId="8c84fa94-04c1-424b-9868-57a2d4851a1d" relativeResultsDirectory="fe709aba-d459-46bd-9b05-48ec71bc700c">
    </UnitTestResult>
    <UnitTestResult executionId="aba53514-6dfb-420f-bd18-fdeb3e281252" testId="1db1579f-dbbd-36a7-b0c6-1d6e5f41be2f" testName="IndexMoq" computerName="MARIANO-PC" testType="13cdc9d9-ddb5-4fa4-a97d-d965ccfc6d4b" outcome="NotExecuted" testListId="8c84fa94-04c1-424b-9868-57a2d4851a1d" relativeResultsDirectory="aba53514-6dfb-420f-bd18-fdeb3e281252">
    </UnitTestResult>
    <UnitTestResult executionId="008e8716-3441-417b-a7a1-c2b1ad087a44" testId="e82c6de4-a4c6-f8d8-2a11-223807a9f52d" testName="EditMoq" computerName="MARIANO-PC" testType="13cdc9d9-ddb5-4fa4-a97d-d965ccfc6d4b" outcome="NotExecuted" testListId="8c84fa94-04c1-424b-9868-57a2d4851a1d" relativeResultsDirectory="008e8716-3441-417b-a7a1-c2b1ad087a44">
    </UnitTestResult>
  </Results>
</TestRun>